<?xml version="1.0" encoding="UTF-8"?>
<testng-results ignored="0" total="3" passed="3" failed="0" skipped="0">
  <reporter-output>
  </reporter-output>
  <suite started-at="2023-10-06T21:01:28 IST" name="Default suite" finished-at="2023-10-06T21:02:35 IST" duration-ms="67566">
    <groups>
    </groups>
    <test started-at="2023-10-06T21:01:28 IST" name="Default test" finished-at="2023-10-06T21:02:35 IST" duration-ms="67566">
      <class name="TestNg.DataProviders">
        <test-method signature="facebook(java.lang.String,java.lang.String)[pri:0, instance:TestNg.DataProviders@4a883b15]" started-at="2023-10-06T21:01:28 IST" name="facebook" data-provider="getData" finished-at="2023-10-06T21:01:56 IST" duration-ms="28639" status="PASS">
          <params>
            <param index="0">
              <value>
                <![CDATA[sasi]]>
              </value>
            </param>
            <param index="1">
              <value>
                <![CDATA[kala]]>
              </value>
            </param>
          </params>
          <reporter-output>
          </reporter-output>
        </test-method> <!-- facebook -->
        <test-method signature="facebook(java.lang.String,java.lang.String)[pri:0, instance:TestNg.DataProviders@4a883b15]" started-at="2023-10-06T21:01:56 IST" name="facebook" data-provider="getData" finished-at="2023-10-06T21:02:21 IST" duration-ms="24967" status="PASS">
          <params>
            <param index="0">
              <value>
                <![CDATA[java]]>
              </value>
            </param>
            <param index="1">
              <value>
                <![CDATA[selenium]]>
              </value>
            </param>
          </params>
          <reporter-output>
          </reporter-output>
        </test-method> <!-- facebook -->
        <test-method signature="facebook(java.lang.String,java.lang.String)[pri:0, instance:TestNg.DataProviders@4a883b15]" started-at="2023-10-06T21:02:21 IST" name="facebook" data-provider="getData" finished-at="2023-10-06T21:02:35 IST" duration-ms="13904" status="PASS">
          <params>
            <param index="0">
              <value>
                <![CDATA[Qspiders]]>
              </value>
            </param>
            <param index="1">
              <value>
                <![CDATA[student]]>
              </value>
            </param>
          </params>
          <reporter-output>
          </reporter-output>
        </test-method> <!-- facebook -->
      </class> <!-- TestNg.DataProviders -->
    </test> <!-- Default test -->
  </suite> <!-- Default suite -->
</testng-results>
